<?xml version="1.0" encoding="UTF-8"?>
<!-- Generated by org.testng.reporters.JUnitReportReporter -->
<testsuite hostname="harish-IdeaPad-Gaming-3-15IMH05" failures="0" tests="1" name="comboAppTests.ComboAppTest" time="150.135" errors="0" timestamp="2021-10-18T17:43:52 IST" skipped="0">
  <testcase classname="comboAppTests.ComboAppTest" name="ulipKotakTest" time="150.135"/>
  <system-out/>
</testsuite> <!-- comboAppTests.ComboAppTest -->
